#
# There is insufficient memory for the Java Runtime Environment to continue.
# Native memory allocation (mmap) failed to map 134217728 bytes for Failed to commit area from 0x00000000d0c00000 to 0x00000000d8c00000 of length 134217728.
# Possible reasons:
#   The system is out of physical RAM or swap space
#   The process is running with CompressedOops enabled, and the Java Heap may be blocking the growth of the native heap
# Possible solutions:
#   Reduce memory load on the system
#   Increase physical memory or swap space
#   Check if swap backing store is full
#   Decrease Java heap size (-Xmx/-Xms)
#   Decrease number of Java threads
#   Decrease Java thread stack sizes (-Xss)
#   Set larger code cache with -XX:ReservedCodeCacheSize=
# This output file may be truncated or incomplete.
#
#  Out of Memory Error (./src/hotspot/os/windows/os_windows.cpp:3521), pid=6088, tid=4992
#
# JRE version:  (11.0.12+7) (build )
# Java VM: OpenJDK 64-Bit Server VM (11.0.12+7-b1504.40, mixed mode, sharing, tiered, compressed oops, g1 gc, windows-amd64)
# No core dump will be written. Minidumps are not enabled by default on client versions of Windows
#

---------------  S U M M A R Y ------------

Command Line: -Djava.rmi.server.hostname=127.0.0.1 -Duser.timezone=UTC -Xmx756m -Xms128m -Dfile.encoding=UTF-8 com.intellij.database.remote.RemoteJdbcServer com.mysql.cj.jdbc.Driver

Host: Intel(R) Core(TM) i5-2520M CPU @ 2.50GHz, 4 cores, 5G,  Windows 10 , 64 bit Build 19041 (10.0.19041.1566)
Time: Thu May 26 16:45:38 2022 RTZ 2 (зима) elapsed time: 0.018180 seconds (0d 0h 0m 0s)

---------------  T H R E A D  ---------------

Current thread (0x000001d074ab5000):  JavaThread "Unknown thread" [_thread_in_vm, id=4992, stack(0x000000b849c00000,0x000000b849d00000)]

Stack: [0x000000b849c00000,0x000000b849d00000]
Native frames: (J=compiled Java code, j=interpreted, Vv=VM code, C=native code)
V  [jvm.dll+0x5ff40a]
V  [jvm.dll+0x783b65]
V  [jvm.dll+0x78517d]
V  [jvm.dll+0x785833]
V  [jvm.dll+0x249408]
V  [jvm.dll+0x5fc7f4]
V  [jvm.dll+0x5f13c5]
V  [jvm.dll+0x3076bb]
V  [jvm.dll+0x30762a]
V  [jvm.dll+0x307502]
V  [jvm.dll+0x30c466]
V  [jvm.dll+0x355543]
V  [jvm.dll+0x355c46]
V  [jvm.dll+0x355643]
V  [jvm.dll+0x2e2018]
V  [jvm.dll+0x2e31c7]
V  [jvm.dll+0x761f57]
V  [jvm.dll+0x76374c]
V  [jvm.dll+0x362ab9]
V  [jvm.dll+0x7455be]
V  [jvm.dll+0x3cb673]
V  [jvm.dll+0x3cda21]
C  [jli.dll+0x536b]
C  [ucrtbase.dll+0x21bb2]
C  [KERNEL32.DLL+0x17034]
C  [ntdll.dll+0x52651]


---------------  P R O C E S S  ---------------

Threads class SMR info:
_java_thread_list=0x000001d0749c1c60, length=0, elements={
}

Java Threads: ( => current thread )

Other Threads:
  0x000001d074ad1000 GCTaskThread "GC Thread#0" [stack: 0x000000b849d00000,0x000000b849e00000] [id=6564]
  0x000001d074ae7800 ConcurrentGCThread "G1 Main Marker" [stack: 0x000000b849e00000,0x000000b849f00000] [id=7056]
  0x000001d074ae9800 ConcurrentGCThread "G1 Conc#0" [stack: 0x000000b849f00000,0x000000b84a000000] [id=4492]

[error occurred during error reporting (printing all threads), id 0xc0000005, EXCEPTION_ACCESS_VIOLATION (0xc0000005) at pc=0x00007ffe79f627a7]

VM state:not at safepoint (not fully initialized)

VM Mutex/Monitor currently owned by a thread:  ([mutex/lock_event])
[0x000001d074ab3e40] Heap_lock - owner thread: 0x000001d074ab5000

Heap address: 0x00000000d0c00000, size: 756 MB, Compressed Oops mode: Non-zero based: 0x00000000d0c00000
Narrow klass base: 0x0000000000000000, Narrow klass shift: 0

GC Heap History (0 events):
No events

Deoptimization events (0 events):
No events

Classes redefined (0 events):
No events

Internal exceptions (0 events):
No events

Events (1 events):
Event: 0.010 Loaded shared library C:\Program Files\JetBrains\IntelliJ IDEA 2021.2.3\jbr\bin\zip.dll


Dynamic libraries:
0x00007ff61ced0000 - 0x00007ff61ceda000 	C:\Program Files\JetBrains\IntelliJ IDEA 2021.2.3\jbr\bin\java.exe
0x00007ffeb34d0000 - 0x00007ffeb36c5000 	C:\Windows\SYSTEM32\ntdll.dll
0x00007ffeb3200000 - 0x00007ffeb32be000 	C:\Windows\System32\KERNEL32.DLL
0x00007ffeb1100000 - 0x00007ffeb13c8000 	C:\Windows\System32\KERNELBASE.dll
0x00007ffeb0c80000 - 0x00007ffeb0d80000 	C:\Windows\System32\ucrtbase.dll
0x00007ffea6ed0000 - 0x00007ffea6ee9000 	C:\Program Files\JetBrains\IntelliJ IDEA 2021.2.3\jbr\bin\jli.dll
0x00007ffea6eb0000 - 0x00007ffea6ec7000 	C:\Program Files\JetBrains\IntelliJ IDEA 2021.2.3\jbr\bin\VCRUNTIME140.dll
0x00007ffeb2800000 - 0x00007ffeb29a0000 	C:\Windows\System32\USER32.dll
0x00007ffea2730000 - 0x00007ffea29ca000 	C:\Windows\WinSxS\amd64_microsoft.windows.common-controls_6595b64144ccf1df_6.0.19041.1110_none_60b5254171f9507e\COMCTL32.dll
0x00007ffeb13d0000 - 0x00007ffeb13f2000 	C:\Windows\System32\win32u.dll
0x00007ffeb1a90000 - 0x00007ffeb1b2e000 	C:\Windows\System32\msvcrt.dll
0x00007ffeb31c0000 - 0x00007ffeb31eb000 	C:\Windows\System32\GDI32.dll
0x00007ffeb0d80000 - 0x00007ffeb0e8b000 	C:\Windows\System32\gdi32full.dll
0x00007ffeb0ff0000 - 0x00007ffeb108d000 	C:\Windows\System32\msvcp_win.dll
0x00007ffeb16d0000 - 0x00007ffeb1700000 	C:\Windows\System32\IMM32.DLL
0x00007ffe9a940000 - 0x00007ffe9a9dd000 	C:\Program Files\JetBrains\IntelliJ IDEA 2021.2.3\jbr\bin\msvcp140.dll
0x00007ffe79c70000 - 0x00007ffe7a7c8000 	C:\Program Files\JetBrains\IntelliJ IDEA 2021.2.3\jbr\bin\server\jvm.dll
0x00007ffeb2750000 - 0x00007ffeb27fe000 	C:\Windows\System32\ADVAPI32.dll
0x00007ffeb1b30000 - 0x00007ffeb1bcc000 	C:\Windows\System32\sechost.dll
0x00007ffeb2620000 - 0x00007ffeb2745000 	C:\Windows\System32\RPCRT4.dll
0x00007ffeb1cd0000 - 0x00007ffeb1cd8000 	C:\Windows\System32\PSAPI.DLL
0x00007ffe9fc10000 - 0x00007ffe9fc19000 	C:\Windows\SYSTEM32\WSOCK32.dll
0x00007ffe9cc60000 - 0x00007ffe9cc87000 	C:\Windows\SYSTEM32\WINMM.dll
0x00007ffeb1700000 - 0x00007ffeb176b000 	C:\Windows\System32\WS2_32.dll
0x00007ffe9eb40000 - 0x00007ffe9eb4a000 	C:\Windows\SYSTEM32\VERSION.dll
0x00007ffeae770000 - 0x00007ffeae782000 	C:\Windows\SYSTEM32\kernel.appcore.dll
0x00007ffeacdf0000 - 0x00007ffeace01000 	C:\Program Files\JetBrains\IntelliJ IDEA 2021.2.3\jbr\bin\verify.dll
0x00007ffe9f540000 - 0x00007ffe9f724000 	C:\Windows\SYSTEM32\DBGHELP.DLL
0x00007ffe9ef60000 - 0x00007ffe9ef8c000 	C:\Windows\SYSTEM32\dbgcore.DLL
0x00007ffeb0bf0000 - 0x00007ffeb0c72000 	C:\Windows\System32\bcryptPrimitives.dll
0x00007ffeac270000 - 0x00007ffeac299000 	C:\Program Files\JetBrains\IntelliJ IDEA 2021.2.3\jbr\bin\java.dll
0x00007ffeace60000 - 0x00007ffeace6b000 	C:\Program Files\JetBrains\IntelliJ IDEA 2021.2.3\jbr\bin\jimage.dll
0x00007ffeab2d0000 - 0x00007ffeab2e8000 	C:\Program Files\JetBrains\IntelliJ IDEA 2021.2.3\jbr\bin\zip.dll

dbghelp: loaded successfully - version: 4.0.5 - missing functions: none
symbol engine: initialized successfully - sym options: 0x614 - pdb path: .;C:\Program Files\JetBrains\IntelliJ IDEA 2021.2.3\jbr\bin;C:\Windows\SYSTEM32;C:\Windows\WinSxS\amd64_microsoft.windows.common-controls_6595b64144ccf1df_6.0.19041.1110_none_60b5254171f9507e;C:\Program Files\JetBrains\IntelliJ IDEA 2021.2.3\jbr\bin\server

VM Arguments:
jvm_args: -Djava.rmi.server.hostname=127.0.0.1 -Duser.timezone=UTC -Xmx756m -Xms128m -Dfile.encoding=UTF-8 
java_command: com.intellij.database.remote.RemoteJdbcServer com.mysql.cj.jdbc.Driver
java_class_path (initial): C:\Program Files\JetBrains\IntelliJ IDEA 2021.2.3\lib\util.jar;C:\Program Files\JetBrains\IntelliJ IDEA 2021.2.3\lib\groovy-2.5.14.jar;C:\Program Files\JetBrains\IntelliJ IDEA 2021.2.3\plugins\DatabaseTools\lib\jdbc-console.jar;C:\Users\ASUS\AppData\Roaming\JetBrains\IntelliJIdea2021.2\jdbc-drivers\MySQL ConnectorJ\8.0.25\mysql-connector-java-8.0.25.jar
Launcher Type: SUN_STANDARD

[Global flags]
     intx CICompilerCount                          = 3                                         {product} {ergonomic}
     uint ConcGCThreads                            = 1                                         {product} {ergonomic}
     uint G1ConcRefinementThreads                  = 4                                         {product} {ergonomic}
   size_t G1HeapRegionSize                         = 1048576                                   {product} {ergonomic}
    uintx GCDrainStackTargetSize                   = 64                                        {product} {ergonomic}
   size_t InitialHeapSize                          = 134217728                                 {product} {command line}
   size_t MarkStackSize                            = 4194304                                   {product} {ergonomic}
   size_t MaxHeapSize                              = 792723456                                 {product} {command line}
   size_t MinHeapDeltaBytes                        = 1048576                                   {product} {ergonomic}
    uintx NonNMethodCodeHeapSize                   = 5830732                                {pd product} {ergonomic}
    uintx NonProfiledCodeHeapSize                  = 122913754                              {pd product} {ergonomic}
    uintx ProfiledCodeHeapSize                     = 122913754                              {pd product} {ergonomic}
    uintx ReservedCodeCacheSize                    = 251658240                              {pd product} {ergonomic}
     bool SegmentedCodeCache                       = true                                      {product} {ergonomic}
     bool UseCompressedClassPointers               = true                                 {lp64_product} {ergonomic}
     bool UseCompressedOops                        = true                                 {lp64_product} {ergonomic}
     bool UseG1GC                                  = true                                      {product} {ergonomic}
     bool UseLargePagesIndividualAllocation        = false                                  {pd product} {ergonomic}

Logging:
Log output configuration:
 #0: stdout all=warning uptime,level,tags
 #1: stderr all=off uptime,level,tags

Environment Variables:
JAVA_HOME=C:\Program Files\Java\jdk-15.0.2
PATH=C:\Program Files\Common Files\Oracle\Java\javapath;C:\Program Files\apache-maven-3.6.3\bin;C:\Program Files (x86)\NVIDIA Corporation\PhysX\Common;C:\Windows\system32;C:\Windows;C:\Windows\System32\Wbem;C:\Windows\System32\WindowsPowerShell\v1.0\;C:\Program Files\dotnet\;C:\Program Files\Azure Data Studio\bin;C:\Program Files\Git\cmd;C:\Program Files (x86)\dotnet\;C:\Program Files\MySQL\MySQL Shell 8.0\bin\;C:\Users\ASUS\AppData\Local\Microsoft\WindowsApps;C:\Users\ASUS\.dotnet\tools;C:\Program Files\Azure Data Studio\bin;C:\Program Files (x86)\ffmpeg\bin;;C:\Program Files\JetBrains\IntelliJ IDEA 2021.2.3\bin;
USERNAME=ASUS
OS=Windows_NT
PROCESSOR_IDENTIFIER=Intel64 Family 6 Model 42 Stepping 7, GenuineIntel



---------------  S Y S T E M  ---------------

OS: Windows 10 , 64 bit Build 19041 (10.0.19041.1566)
OS uptime: 2 days 18:29 hours

CPU:total 4 (initial active 4) (2 cores per cpu, 2 threads per core) family 6 model 42 stepping 7 microcode 0x2f, cmov, cx8, fxsr, mmx, sse, sse2, sse3, ssse3, sse4.1, sse4.2, popcnt, avx, aes, clmul, ht, tsc, tscinvbit

Memory: 4k page, system-wide physical 6048M (472M free)
TotalPageFile size 6048M (AvailPageFile size 10M)
current process WorkingSet (physical memory assigned to process): 9M, peak: 9M
current process commit charge ("private bytes"): 51M, peak: 179M

vm_info: OpenJDK 64-Bit Server VM (11.0.12+7-b1504.40) for windows-amd64 JRE (11.0.12+7-b1504.40), built on Sep 23 2021 14:38:03 by "" with MS VC++ 14.0 (VS2015)

END.
